C:\Users\baltar.UNIVERSUM\Downloads\WilsonGlobalSystemHooks_src\GlobalCbtHook\Debug\cl.command.1.tlog
C:\Users\baltar.UNIVERSUM\Downloads\WilsonGlobalSystemHooks_src\GlobalCbtHook\Debug\CL.read.1.tlog
C:\Users\baltar.UNIVERSUM\Downloads\WilsonGlobalSystemHooks_src\GlobalCbtHook\Debug\CL.write.1.tlog
C:\USERS\BALTAR.UNIVERSUM\DOWNLOADS\WILSONGLOBALSYSTEMHOOKS_SRC\GLOBALCBTHOOK\DEBUG\DLLMAIN.OBJ
C:\USERS\BALTAR.UNIVERSUM\DOWNLOADS\WILSONGLOBALSYSTEMHOOKS_SRC\GLOBALCBTHOOK\DEBUG\GLOBALCBTHOOK.DLL
C:\USERS\BALTAR.UNIVERSUM\DOWNLOADS\WILSONGLOBALSYSTEMHOOKS_SRC\GLOBALCBTHOOK\DEBUG\GLOBALCBTHOOK.DLL.EMBED.MANIFEST
C:\USERS\BALTAR.UNIVERSUM\DOWNLOADS\WILSONGLOBALSYSTEMHOOKS_SRC\GLOBALCBTHOOK\DEBUG\GLOBALCBTHOOK.DLL.EMBED.MANIFEST.RES
C:\USERS\BALTAR.UNIVERSUM\DOWNLOADS\WILSONGLOBALSYSTEMHOOKS_SRC\GLOBALCBTHOOK\DEBUG\GLOBALCBTHOOK.DLL.INTERMEDIATE.MANIFEST
C:\Users\baltar.UNIVERSUM\Downloads\WilsonGlobalSystemHooks_src\GlobalCbtHook\Debug\GlobalCbtHook.exp
C:\USERS\BALTAR.UNIVERSUM\DOWNLOADS\WILSONGLOBALSYSTEMHOOKS_SRC\GLOBALCBTHOOK\DEBUG\GLOBALCBTHOOK.ILK
C:\Users\baltar.UNIVERSUM\Downloads\WilsonGlobalSystemHooks_src\GlobalCbtHook\Debug\GlobalCbtHook.lib
C:\USERS\BALTAR.UNIVERSUM\DOWNLOADS\WILSONGLOBALSYSTEMHOOKS_SRC\GLOBALCBTHOOK\DEBUG\GLOBALCBTHOOK.OBJ
C:\USERS\BALTAR.UNIVERSUM\DOWNLOADS\WILSONGLOBALSYSTEMHOOKS_SRC\GLOBALCBTHOOK\DEBUG\GLOBALCBTHOOK.PCH
C:\USERS\BALTAR.UNIVERSUM\DOWNLOADS\WILSONGLOBALSYSTEMHOOKS_SRC\GLOBALCBTHOOK\DEBUG\GLOBALCBTHOOK.PDB
C:\USERS\BALTAR.UNIVERSUM\DOWNLOADS\WILSONGLOBALSYSTEMHOOKS_SRC\GLOBALCBTHOOK\DEBUG\GLOBALCBTHOOK.RES
C:\Users\baltar.UNIVERSUM\Downloads\WilsonGlobalSystemHooks_src\GlobalCbtHook\Debug\GlobalCbtHook.write.1.tlog
C:\Users\baltar.UNIVERSUM\Downloads\WilsonGlobalSystemHooks_src\GlobalCbtHook\Debug\GlobalCbtHook_manifest.rc
C:\Users\baltar.UNIVERSUM\Downloads\WilsonGlobalSystemHooks_src\GlobalCbtHook\Debug\link.4576.read.1.tlog
C:\Users\baltar.UNIVERSUM\Downloads\WilsonGlobalSystemHooks_src\GlobalCbtHook\Debug\link.4576.write.1.tlog
C:\Users\baltar.UNIVERSUM\Downloads\WilsonGlobalSystemHooks_src\GlobalCbtHook\Debug\link.4576-cvtres.read.1.tlog
C:\Users\baltar.UNIVERSUM\Downloads\WilsonGlobalSystemHooks_src\GlobalCbtHook\Debug\link.4576-cvtres.write.1.tlog
C:\Users\baltar.UNIVERSUM\Downloads\WilsonGlobalSystemHooks_src\GlobalCbtHook\Debug\link.command.1.tlog
C:\Users\baltar.UNIVERSUM\Downloads\WilsonGlobalSystemHooks_src\GlobalCbtHook\Debug\link.read.1.tlog
C:\Users\baltar.UNIVERSUM\Downloads\WilsonGlobalSystemHooks_src\GlobalCbtHook\Debug\link.write.1.tlog
C:\Users\baltar.UNIVERSUM\Downloads\WilsonGlobalSystemHooks_src\GlobalCbtHook\Debug\link-cvtres.read.1.tlog
C:\Users\baltar.UNIVERSUM\Downloads\WilsonGlobalSystemHooks_src\GlobalCbtHook\Debug\link-cvtres.write.1.tlog
C:\Users\baltar.UNIVERSUM\Downloads\WilsonGlobalSystemHooks_src\GlobalCbtHook\Debug\mt.command.1.tlog
C:\Users\baltar.UNIVERSUM\Downloads\WilsonGlobalSystemHooks_src\GlobalCbtHook\Debug\mt.read.1.tlog
C:\Users\baltar.UNIVERSUM\Downloads\WilsonGlobalSystemHooks_src\GlobalCbtHook\Debug\mt.write.1.tlog
C:\Users\baltar.UNIVERSUM\Downloads\WilsonGlobalSystemHooks_src\GlobalCbtHook\Debug\rc.command.1.tlog
C:\Users\baltar.UNIVERSUM\Downloads\WilsonGlobalSystemHooks_src\GlobalCbtHook\Debug\rc.read.1.tlog
C:\Users\baltar.UNIVERSUM\Downloads\WilsonGlobalSystemHooks_src\GlobalCbtHook\Debug\rc.write.1.tlog
C:\USERS\BALTAR.UNIVERSUM\DOWNLOADS\WILSONGLOBALSYSTEMHOOKS_SRC\GLOBALCBTHOOK\DEBUG\STDAFX.OBJ
C:\Users\baltar.UNIVERSUM\Downloads\WilsonGlobalSystemHooks_src\GlobalCbtHook\Debug\vc100.idb
C:\USERS\BALTAR.UNIVERSUM\DOWNLOADS\WILSONGLOBALSYSTEMHOOKS_SRC\GLOBALCBTHOOK\DEBUG\VC100.PDB
Debug\GlobalCbtHook.ilk
Debug\GlobalCbtHook.pdb
